{
  "RSpec": {
    "coverage": {
      "/Users/alexio/Desktop/multi_mail/lib/multi_mail.rb": [
        1,
        1,
        1,
        1,
        1,
        null,
        1,
        1,
        1,
        null,
        1,
        null,
        1,
        null,
        1,
        null,
        1,
        null,
        null,
        1,
        null,
        null,
        null,
        null,
        null,
        null,
        null,
        null,
        null,
        null,
        null,
        null,
        1,
        0,
        null,
        null,
        null,
        null,
        null,
        null,
        null,
        1,
        null,
        null,
        null,
        null,
        null,
        null,
        null,
        null,
        null,
        null,
        null,
        0,
        null,
        null,
        null,
        null,
        null,
        null,
        null,
        null,
        0,
        0,
        null,
        null,
        null,
        0,
        null,
        null,
        null,
        null,
        0,
        null,
        null,
        0,
        null,
        null,
        null,
        null,
        1,
        1,
        1,
        1,
        1
      ],
      "/Users/alexio/Desktop/multi_mail/lib/multi_mail/service.rb": [
        1,
        null,
        null,
        null,
        1,
        null,
        null,
        null,
        1,
        10,
        null,
        null,
        1,
        null,
        null,
        null,
        null,
        1,
        0,
        null,
        null,
        null,
        null,
        null,
        null,
        1,
        20,
        null,
        null,
        null,
        null,
        null,
        null,
        1,
        11,
        null,
        null,
        null,
        null,
        null,
        null,
        1,
        21,
        null,
        null,
        null,
        null,
        null,
        null,
        null,
        null,
        null,
        1,
        10,
        10,
        12,
        12,
        null,
        null,
        10,
        10,
        0,
        null,
        null,
        10,
        10,
        10,
        0,
        null,
        null,
        null,
        null,
        null,
        null
      ],
      "/Users/alexio/Desktop/multi_mail/lib/multi_mail/receiver.rb": [
        1,
        null,
        null,
        null,
        1,
        null,
        null,
        null,
        null,
        null,
        null,
        null,
        null,
        null,
        null,
        null,
        null,
        null,
        null,
        1,
        10,
        10,
        null,
        0,
        0,
        null,
        0,
        0,
        null,
        10,
        10,
        null,
        0,
        0,
        null,
        0,
        0,
        null,
        0,
        0,
        null,
        null,
        0,
        null,
        0,
        null,
        null,
        null,
        null
      ],
      "/Users/alexio/Desktop/multi_mail/lib/multi_mail/receiver/base.rb": [
        1,
        1,
        null,
        null,
        null,
        null,
        1,
        1,
        1,
        1,
        null,
        null,
        null,
        null,
        null,
        null,
        null,
        null,
        null,
        1,
        0,
        0,
        0,
        null,
        0,
        null,
        null,
        null,
        null,
        null,
        null,
        null,
        1,
        0,
        null,
        null,
        null,
        null,
        null,
        null,
        1,
        0,
        null,
        null,
        null,
        null,
        null,
        null,
        1,
        0,
        null,
        null,
        1,
        null,
        null,
        null,
        null,
        null,
        null,
        null,
        1,
        0,
        0,
        null,
        0,
        null,
        null,
        null,
        null,
        null,
        null,
        null,
        1,
        5,
        5,
        63,
        7,
        17,
        null,
        null,
        56,
        null,
        null,
        5,
        null,
        null,
        null,
        null,
        null,
        null,
        1,
        8,
        null,
        1,
        1,
        1,
        1,
        null,
        null,
        1,
        1,
        1,
        null,
        null,
        null,
        1,
        null,
        null,
        0,
        null,
        null,
        0,
        0,
        0,
        null,
        null,
        null,
        0,
        0,
        0,
        null,
        0,
        null,
        null,
        null,
        0,
        null,
        7,
        7,
        7,
        7,
        null,
        0,
        null,
        0,
        null,
        null,
        null,
        null,
        null,
        null,
        null,
        null,
        null,
        null,
        1,
        5,
        null,
        2,
        null,
        null,
        2,
        null,
        null,
        2,
        12,
        null,
        null,
        4,
        null,
        2,
        null,
        2,
        2,
        null,
        null,
        null,
        null,
        null,
        4,
        null,
        null,
        null,
        2,
        4,
        null,
        null,
        null,
        5,
        null,
        null,
        null,
        null,
        null,
        null,
        null,
        null,
        null,
        null,
        1,
        4,
        14,
        2,
        null,
        12,
        null,
        null,
        4,
        null,
        null,
        null,
        null,
        null
      ],
      "/Users/alexio/Desktop/multi_mail/lib/multi_mail/sender.rb": [
        1,
        null,
        null,
        null,
        1,
        null,
        null,
        null,
        null,
        null,
        null,
        null,
        null,
        null,
        null,
        null,
        null,
        null,
        null,
        1,
        0,
        0,
        null,
        0,
        0,
        null,
        0,
        0,
        null,
        0,
        0,
        null,
        0,
        0,
        null,
        0,
        0,
        null,
        null,
        0,
        null,
        0,
        null,
        null,
        null,
        null
      ],
      "/Users/alexio/Desktop/multi_mail/lib/multi_mail/sender/base.rb": [
        1,
        1,
        null,
        1,
        null,
        null,
        null
      ],
      "/Users/alexio/Desktop/multi_mail/lib/multi_mail/mandrill/receiver.rb": [
        1,
        1,
        null,
        null,
        null,
        null,
        null,
        1,
        1,
        null,
        1,
        null,
        null,
        null,
        null,
        null,
        null,
        1,
        10,
        10,
        10,
        10,
        null,
        null,
        null,
        null,
        null,
        null,
        null,
        null,
        1,
        0,
        0,
        null,
        0,
        null,
        null,
        null,
        null,
        null,
        null,
        null,
        null,
        1,
        null,
        null,
        4,
        5,
        null,
        5,
        null,
        null,
        5,
        5,
        null,
        5,
        5,
        null,
        null,
        null,
        null,
        null,
        null,
        null,
        null,
        null,
        null,
        5,
        5,
        null,
        null,
        null,
        null,
        null,
        5,
        8,
        null,
        null,
        5,
        2,
        2,
        2,
        null,
        null,
        2,
        2,
        2,
        null,
        null,
        null,
        5,
        2,
        4,
        null,
        null,
        null,
        null,
        null,
        null,
        null,
        null,
        null,
        null,
        5,
        5,
        5,
        5,
        5,
        5,
        5,
        null,
        null,
        null,
        1,
        4,
        4,
        4,
        4,
        4,
        null,
        2,
        2,
        null,
        null,
        null,
        null,
        null,
        null,
        1,
        2,
        null,
        null,
        1,
        null,
        1,
        0,
        0,
        0,
        0,
        null,
        null,
        0,
        null,
        null,
        null,
        null
      ],
      "/Users/alexio/Desktop/multi_mail/spec/mandrill/sender_spec.rb": [

      ]
    },
    "timestamp": 1369942481
  }
}
